\BOOKMARK [1][-]{section.1}{\376\377\000E\000j\000e\000r\000c\000i\000c\000i\000o\000\040\0001\000.}{}% 1
\BOOKMARK [2][-]{subsection.1.1}{}{section.1}% 2
\BOOKMARK [2][-]{subsection.1.2}{}{section.1}% 3
\BOOKMARK [2][-]{subsection.1.3}{}{section.1}% 4
\BOOKMARK [2][-]{subsection.1.4}{}{section.1}% 5
\BOOKMARK [1][-]{section.2}{\376\377\000E\000j\000e\000r\000c\000i\000c\000i\000o\000\040\0002\000.}{}% 6
\BOOKMARK [2][-]{subsection.2.1}{\376\377\000V\000e\000r\000i\000f\000i\000c\000a\000c\000i\000\363\000n\000\040\000d\000e\000l\000\040\000r\000o\000b\000o\000t}{section.2}% 7
\BOOKMARK [2][-]{subsection.2.2}{\376\377\000C\000o\000m\000p\000a\000r\000a\000c\000i\000\363\000n\000\040\000d\000e\000\040\000l\000a\000\040\000c\000i\000n\000e\000m\000\341\000t\000i\000c\000a\000\040\000d\000i\000r\000e\000c\000t\000a\000.}{section.2}% 8
\BOOKMARK [2][-]{subsection.2.3}{}{section.2}% 9
\BOOKMARK [1][-]{section.3}{\376\377\000E\000j\000e\000r\000c\000i\000c\000i\000o\000\040\0003}{}% 10
\BOOKMARK [2][-]{subsection.3.1}{}{section.3}% 11
\BOOKMARK [2][-]{subsection.3.2}{}{section.3}% 12
\BOOKMARK [2][-]{subsection.3.3}{}{section.3}% 13
\BOOKMARK [2][-]{subsection.3.4}{}{section.3}% 14
\BOOKMARK [2][-]{subsection.3.5}{}{section.3}% 15
\BOOKMARK [2][-]{subsection.3.6}{}{section.3}% 16
\BOOKMARK [1][-]{section.4}{\376\377\000E\000j\000e\000r\000c\000i\000c\000i\000o\000\040\0004}{}% 17
\BOOKMARK [2][-]{subsection.4.1}{}{section.4}% 18
\BOOKMARK [2][-]{subsection.4.2}{}{section.4}% 19
\BOOKMARK [2][-]{subsection.4.3}{}{section.4}% 20
\BOOKMARK [1][-]{section.5}{\376\377\000E\000j\000e\000r\000c\000i\000c\000i\000o\000\040\000T\000F}{}% 21
