This is pdfTeX, Version 3.141592653-2.6-1.40.26 (TeX Live 2024) (preloaded format=pdflatex 2024.5.22)  23 AUG 2024 03:54
entering extended mode
 restricted \write18 enabled.
 file:line:error style messages enabled.
 %&-line parsing enabled.
**"c:/Users/Public/Documents/UNCUYO/4-Cuarto_anio/2-Octavo_Semestre/6-Robotica I/3-TPS/TPS/TP2/Informe/main.tex"
(c:/Users/Public/Documents/UNCUYO/4-Cuarto_anio/2-Octavo_Semestre/6-Robotica I/3-TPS/TPS/TP2/Informe/main.tex
LaTeX2e <2023-11-01> patch level 1
L3 programming layer <2024-04-11>
(c:/texlive/2024/texmf-dist/tex/latex/base/article.cls
Document Class: article 2023/05/17 v1.4n Standard LaTeX document class
(c:/texlive/2024/texmf-dist/tex/latex/base/size12.clo
File: size12.clo 2023/05/17 v1.4n Standard LaTeX file (size option)
)
\c@part=\count189
\c@section=\count190
\c@subsection=\count191
\c@subsubsection=\count192
\c@paragraph=\count193
\c@subparagraph=\count194
\c@figure=\count195
\c@table=\count196
\abovecaptionskip=\skip48
\belowcaptionskip=\skip49
\bibindent=\dimen140
) (c:/texlive/2024/texmf-dist/tex/latex/base/inputenc.sty
Package: inputenc 2021/02/14 v1.3d Input encoding file
\inpenc@prehook=\toks17
\inpenc@posthook=\toks18
) (c:/texlive/2024/texmf-dist/tex/latex/graphics/graphicx.sty
Package: graphicx 2021/09/16 v1.2d Enhanced LaTeX Graphics (DPC,SPQR)
 (c:/texlive/2024/texmf-dist/tex/latex/graphics/keyval.sty
Package: keyval 2022/05/29 v1.15 key=value parser (DPC)
\KV@toks@=\toks19
) (c:/texlive/2024/texmf-dist/tex/latex/graphics/graphics.sty
Package: graphics 2022/03/10 v1.4e Standard LaTeX Graphics (DPC,SPQR)
 (c:/texlive/2024/texmf-dist/tex/latex/graphics/trig.sty
Package: trig 2021/08/11 v1.11 sin cos tan (DPC)
) (c:/texlive/2024/texmf-dist/tex/latex/graphics-cfg/graphics.cfg
File: graphics.cfg 2016/06/04 v1.11 sample graphics configuration
)
Package graphics Info: Driver file: pdftex.def on input line 107.
 (c:/texlive/2024/texmf-dist/tex/latex/graphics-def/pdftex.def
File: pdftex.def 2024/04/13 v1.2c Graphics/color driver for pdftex
))
\Gin@req@height=\dimen141
\Gin@req@width=\dimen142
) (c:/texlive/2024/texmf-dist/tex/latex/fancyhdr/fancyhdr.sty
Package: fancyhdr 2024/04/23 v4.2 Extensive control of page headers and footers
\f@nch@headwidth=\skip50
\f@nch@O@elh=\skip51
\f@nch@O@erh=\skip52
\f@nch@O@olh=\skip53
\f@nch@O@orh=\skip54
\f@nch@O@elf=\skip55
\f@nch@O@erf=\skip56
\f@nch@O@olf=\skip57
\f@nch@O@orf=\skip58
) (c:/texlive/2024/texmf-dist/tex/latex/amsmath/amsmath.sty
Package: amsmath 2023/05/13 v2.17o AMS math features
\@mathmargin=\skip59

For additional information on amsmath, use the `?' option.
(c:/texlive/2024/texmf-dist/tex/latex/amsmath/amstext.sty
Package: amstext 2021/08/26 v2.01 AMS text
 (c:/texlive/2024/texmf-dist/tex/latex/amsmath/amsgen.sty
File: amsgen.sty 1999/11/30 v2.0 generic functions
\@emptytoks=\toks20
\ex@=\dimen143
)) (c:/texlive/2024/texmf-dist/tex/latex/amsmath/amsbsy.sty
Package: amsbsy 1999/11/29 v1.2d Bold Symbols
\pmbraise@=\dimen144
) (c:/texlive/2024/texmf-dist/tex/latex/amsmath/amsopn.sty
Package: amsopn 2022/04/08 v2.04 operator names
)
\inf@bad=\count197
LaTeX Info: Redefining \frac on input line 234.
\uproot@=\count198
\leftroot@=\count199
LaTeX Info: Redefining \overline on input line 399.
LaTeX Info: Redefining \colon on input line 410.
\classnum@=\count266
\DOTSCASE@=\count267
LaTeX Info: Redefining \ldots on input line 496.
LaTeX Info: Redefining \dots on input line 499.
LaTeX Info: Redefining \cdots on input line 620.
\Mathstrutbox@=\box51
\strutbox@=\box52
LaTeX Info: Redefining \big on input line 722.
LaTeX Info: Redefining \Big on input line 723.
LaTeX Info: Redefining \bigg on input line 724.
LaTeX Info: Redefining \Bigg on input line 725.
\big@size=\dimen145
LaTeX Font Info:    Redeclaring font encoding OML on input line 743.
LaTeX Font Info:    Redeclaring font encoding OMS on input line 744.
\macc@depth=\count268
LaTeX Info: Redefining \bmod on input line 905.
LaTeX Info: Redefining \pmod on input line 910.
LaTeX Info: Redefining \smash on input line 940.
LaTeX Info: Redefining \relbar on input line 970.
LaTeX Info: Redefining \Relbar on input line 971.
\c@MaxMatrixCols=\count269
\dotsspace@=\muskip16
\c@parentequation=\count270
\dspbrk@lvl=\count271
\tag@help=\toks21
\row@=\count272
\column@=\count273
\maxfields@=\count274
\andhelp@=\toks22
\eqnshift@=\dimen146
\alignsep@=\dimen147
\tagshift@=\dimen148
\tagwidth@=\dimen149
\totwidth@=\dimen150
\lineht@=\dimen151
\@envbody=\toks23
\multlinegap=\skip60
\multlinetaggap=\skip61
\mathdisplay@stack=\toks24
LaTeX Info: Redefining \[ on input line 2953.
LaTeX Info: Redefining \] on input line 2954.
) (c:/texlive/2024/texmf-dist/tex/latex/adjustbox/adjustbox.sty
Package: adjustbox 2022/10/17 v1.3a Adjusting TeX boxes (trim, clip, ...)
 (c:/texlive/2024/texmf-dist/tex/latex/xkeyval/xkeyval.sty
Package: xkeyval 2022/06/16 v2.9 package option processing (HA)
 (c:/texlive/2024/texmf-dist/tex/generic/xkeyval/xkeyval.tex (c:/texlive/2024/texmf-dist/tex/generic/xkeyval/xkvutils.tex
\XKV@toks=\toks25
\XKV@tempa@toks=\toks26
)
\XKV@depth=\count275
File: xkeyval.tex 2014/12/03 v2.7a key=value parser (HA)
)) (c:/texlive/2024/texmf-dist/tex/latex/adjustbox/adjcalc.sty
Package: adjcalc 2012/05/16 v1.1 Provides advanced setlength with multiple back-ends (calc, etex, pgfmath)
) (c:/texlive/2024/texmf-dist/tex/latex/adjustbox/trimclip.sty
Package: trimclip 2020/08/19 v1.2 Trim and clip general TeX material
 (c:/texlive/2024/texmf-dist/tex/latex/collectbox/collectbox.sty
Package: collectbox 2022/10/17 v0.4c Collect macro arguments as boxes
\collectedbox=\box53
)
\tc@llx=\dimen152
\tc@lly=\dimen153
\tc@urx=\dimen154
\tc@ury=\dimen155
Package trimclip Info: Using driver 'tc-pdftex.def'.
 (c:/texlive/2024/texmf-dist/tex/latex/adjustbox/tc-pdftex.def
File: tc-pdftex.def 2019/01/04 v2.2 Clipping driver for pdftex
))
\adjbox@Width=\dimen156
\adjbox@Height=\dimen157
\adjbox@Depth=\dimen158
\adjbox@Totalheight=\dimen159
\adjbox@pwidth=\dimen160
\adjbox@pheight=\dimen161
\adjbox@pdepth=\dimen162
\adjbox@ptotalheight=\dimen163
 (c:/texlive/2024/texmf-dist/tex/latex/ifoddpage/ifoddpage.sty
Package: ifoddpage 2022/10/18 v1.2 Conditionals for odd/even page detection
\c@checkoddpage=\count276
) (c:/texlive/2024/texmf-dist/tex/latex/varwidth/varwidth.sty
Package: varwidth 2009/03/30 ver 0.92;  Variable-width minipages
\@vwid@box=\box54
\sift@deathcycles=\count277
\@vwid@loff=\dimen164
\@vwid@roff=\dimen165
)) (c:/texlive/2024/texmf-dist/tex/latex/mathtools/mathtools.sty
Package: mathtools 2024/03/11 v1.30 mathematical typesetting tools
 (c:/texlive/2024/texmf-dist/tex/latex/tools/calc.sty
Package: calc 2023/07/08 v4.3 Infix arithmetic (KKT,FJ)
\calc@Acount=\count278
\calc@Bcount=\count279
\calc@Adimen=\dimen166
\calc@Bdimen=\dimen167
\calc@Askip=\skip62
\calc@Bskip=\skip63
LaTeX Info: Redefining \setlength on input line 80.
LaTeX Info: Redefining \addtolength on input line 81.
\calc@Ccount=\count280
\calc@Cskip=\skip64
) (c:/texlive/2024/texmf-dist/tex/latex/mathtools/mhsetup.sty
Package: mhsetup 2021/03/18 v1.4 programming setup (MH)
)
\g_MT_multlinerow_int=\count281
\l_MT_multwidth_dim=\dimen168
\origjot=\skip65
\l_MT_shortvdotswithinadjustabove_dim=\dimen169
\l_MT_shortvdotswithinadjustbelow_dim=\dimen170
\l_MT_above_intertext_sep=\dimen171
\l_MT_below_intertext_sep=\dimen172
\l_MT_above_shortintertext_sep=\dimen173
\l_MT_below_shortintertext_sep=\dimen174
\xmathstrut@box=\box55
\xmathstrut@dim=\dimen175
) (c:/texlive/2024/texmf-dist/tex/latex/float/float.sty
Package: float 2001/11/08 v1.3d Float enhancements (AL)
\c@float@type=\count282
\float@exts=\toks27
\float@box=\box56
\@float@everytoks=\toks28
\@floatcapt=\box57
) (c:/texlive/2024/texmf-dist/tex/generic/babel/babel.sty
Package: babel 2024/05/18 v24.5 The Babel package
\babel@savecnt=\count283
\U@D=\dimen176
\l@unhyphenated=\language89
 (c:/texlive/2024/texmf-dist/tex/generic/babel/txtbabel.def)
\bbl@readstream=\read2
\bbl@dirlevel=\count284
 (c:/texlive/2024/texmf-dist/tex/generic/babel-spanish/spanish.ldf
Language: spanish.ldf 2021/05/27 v5.0q Spanish support from the babel system
\es@quottoks=\toks29
\es@quotdepth=\count285
Package babel Info: Making " an active character on input line 570.
Package babel Info: Making . an active character on input line 675.
Package babel Info: Making < an active character on input line 722.
Package babel Info: Making > an active character on input line 722.
)) (c:/texlive/2024/texmf-dist/tex/generic/babel/locale/es/babel-spanish.tex
Package babel Info: Importing font and identification data for spanish
(babel)             from babel-es.ini. Reported on input line 11.
) (c:/texlive/2024/texmf-dist/tex/latex/lastpage/lastpage.sty
Package: lastpage 2024/04/27 v2.1a lastpage: 2.09 or 2e? (HMM)
 (c:/texlive/2024/texmf-dist/tex/latex/lastpage/lastpage2e.sty
Package: lastpage2e 2024/04/27 v2.1a Decide which 2e lastpage version to use (HMM)
 (c:/texlive/2024/texmf-dist/tex/latex/lastpage/lastpagemodern.sty
Package: lastpagemodern 2024-04-27 v2.1a Refers to last page's name (HMM; JPG)
\c@lastpagecount=\count286
) 
)) (c:/texlive/2024/texmf-dist/tex/latex/amsfonts/amssymb.sty
Package: amssymb 2013/01/14 v3.01 AMS font symbols
 (c:/texlive/2024/texmf-dist/tex/latex/amsfonts/amsfonts.sty
Package: amsfonts 2013/01/14 v3.01 Basic AMSFonts support
\symAMSa=\mathgroup4
\symAMSb=\mathgroup5
LaTeX Font Info:    Redeclaring math symbol \hbar on input line 98.
LaTeX Font Info:    Overwriting math alphabet `\mathfrak' in version `bold'
(Font)                  U/euf/m/n --> U/euf/b/n on input line 106.
)) (c:/texlive/2024/texmf-dist/tex/latex/cleveref/cleveref.sty
Package: cleveref 2018/03/27 v0.21.4 Intelligent cross-referencing
) (c:/texlive/2024/texmf-dist/tex/latex/hyphenat/hyphenat.sty
Package: hyphenat 2009/09/02 v2.3c hyphenation utilities
\langwohyphens=\language90
LaTeX Info: Redefining \_ on input line 43.
) (c:/texlive/2024/texmf-dist/tex/latex/tools/array.sty
Package: array 2023/10/16 v2.5g Tabular extension package (FMi)
\col@sep=\dimen177
\ar@mcellbox=\box58
\extrarowheight=\dimen178
\NC@list=\toks30
\extratabsurround=\skip66
\backup@length=\skip67
\ar@cellbox=\box59
) (c:/texlive/2024/texmf-dist/tex/latex/multirow/multirow.sty
Package: multirow 2021/03/15 v2.8 Span multiple rows of a table
\multirow@colwidth=\skip68
\multirow@cntb=\count287
\multirow@dima=\skip69
\bigstrutjot=\dimen179
) (c:/texlive/2024/texmf-dist/tex/latex/base/textcomp.sty
Package: textcomp 2020/02/02 v2.0n Standard LaTeX package
) (c:/texlive/2024/texmf-dist/tex/latex/geometry/geometry.sty
Package: geometry 2020/01/02 v5.9 Page Geometry
 (c:/texlive/2024/texmf-dist/tex/generic/iftex/ifvtex.sty
Package: ifvtex 2019/10/25 v1.7 ifvtex legacy package. Use iftex instead.
 (c:/texlive/2024/texmf-dist/tex/generic/iftex/iftex.sty
Package: iftex 2022/02/03 v1.0f TeX engine tests
))
\Gm@cnth=\count288
\Gm@cntv=\count289
\c@Gm@tempcnt=\count290
\Gm@bindingoffset=\dimen180
\Gm@wd@mp=\dimen181
\Gm@odd@mp=\dimen182
\Gm@even@mp=\dimen183
\Gm@layoutwidth=\dimen184
\Gm@layoutheight=\dimen185
\Gm@layouthoffset=\dimen186
\Gm@layoutvoffset=\dimen187
\Gm@dimlist=\toks31
) (c:/texlive/2024/texmf-dist/tex/latex/l3backend/l3backend-pdftex.def
File: l3backend-pdftex.def 2024-04-11 L3 backend support: PDF output (pdfTeX)
\l__color_backend_stack_int=\count291
\l__pdf_internal_box=\box60
) (./main.aux
LaTeX Info: Redefining \. on input line 9.
LaTeX Info: Redefining \% on input line 9.
)
\openout1 = `main.aux'.

LaTeX Font Info:    Checking defaults for OML/cmm/m/it on input line 35.
LaTeX Font Info:    ... okay on input line 35.
LaTeX Font Info:    Checking defaults for OMS/cmsy/m/n on input line 35.
LaTeX Font Info:    ... okay on input line 35.
LaTeX Font Info:    Checking defaults for OT1/cmr/m/n on input line 35.
LaTeX Font Info:    ... okay on input line 35.
LaTeX Font Info:    Checking defaults for T1/cmr/m/n on input line 35.
LaTeX Font Info:    ... okay on input line 35.
LaTeX Font Info:    Checking defaults for TS1/cmr/m/n on input line 35.
LaTeX Font Info:    ... okay on input line 35.
LaTeX Font Info:    Checking defaults for OMX/cmex/m/n on input line 35.
LaTeX Font Info:    ... okay on input line 35.
LaTeX Font Info:    Checking defaults for U/cmr/m/n on input line 35.
LaTeX Font Info:    ... okay on input line 35.
 (c:/texlive/2024/texmf-dist/tex/context/base/mkii/supp-pdf.mkii
[Loading MPS to PDF converter (version 2006.09.02).]
\scratchcounter=\count292
\scratchdimen=\dimen188
\scratchbox=\box61
\nofMPsegments=\count293
\nofMParguments=\count294
\everyMPshowfont=\toks32
\MPscratchCnt=\count295
\MPscratchDim=\dimen189
\MPnumerator=\count296
\makeMPintoPDFobject=\count297
\everyMPtoPDFconversion=\toks33
) (c:/texlive/2024/texmf-dist/tex/latex/epstopdf-pkg/epstopdf-base.sty
Package: epstopdf-base 2020-01-24 v2.11 Base part for package epstopdf
Package epstopdf-base Info: Redefining graphics rule for `.eps' on input line 485.
 (c:/texlive/2024/texmf-dist/tex/latex/latexconfig/epstopdf-sys.cfg
File: epstopdf-sys.cfg 2010/07/13 v1.3 Configuration of (r)epstopdf for TeX Live
))
LaTeX Info: Redefining \. on input line 35.
LaTeX Info: Redefining \% on input line 35.

*geometry* driver: auto-detecting
*geometry* detected driver: pdftex
*geometry* verbose mode - [ preamble ] result:
* driver: pdftex
* paper: a4paper
* layout: <same size as paper>
* layoutoffset:(h,v)=(0.0pt,0.0pt)
* modes: 
* h-part:(L,W,R)=(71.13188pt, 455.24411pt, 71.13188pt)
* v-part:(T,H,B)=(85.35826pt, 674.33032pt, 85.35826pt)
* \paperwidth=597.50787pt
* \paperheight=845.04684pt
* \textwidth=455.24411pt
* \textheight=674.33032pt
* \oddsidemargin=-1.1381pt
* \evensidemargin=-1.1381pt
* \topmargin=-23.91173pt
* \headheight=30.0pt
* \headsep=25.0pt
* \topskip=12.0pt
* \footskip=30.0pt
* \marginparwidth=35.0pt
* \marginparsep=10.0pt
* \columnsep=10.0pt
* \skip\footins=10.8pt plus 4.0pt minus 2.0pt
* \hoffset=0.0pt
* \voffset=0.0pt
* \mag=1000
* \@twocolumnfalse
* \@twosidefalse
* \@mparswitchfalse
* \@reversemarginfalse
* (1in=72.27pt=25.4mm, 1cm=28.453pt)

LaTeX Font Info:    Trying to load font information for U+msa on input line 53.
(c:/texlive/2024/texmf-dist/tex/latex/amsfonts/umsa.fd
File: umsa.fd 2013/01/14 v3.01 AMS symbols A
)
LaTeX Font Info:    Trying to load font information for U+msb on input line 53.
 (c:/texlive/2024/texmf-dist/tex/latex/amsfonts/umsb.fd
File: umsb.fd 2013/01/14 v3.01 AMS symbols B
)
<Imagenes/escudo.PNG, id=1, 487.06969pt x 84.315pt>
File: Imagenes/escudo.PNG Graphic file (type png)
<use Imagenes/escudo.PNG>
Package pdftex.def Info: Imagenes/escudo.PNG  used on input line 53.
(pdftex.def)             Requested size: 194.82442pt x 33.72539pt.
 [1

{c:/texlive/2024/texmf-var/fonts/map/pdftex/updmap/pdftex.map}{c:/texlive/2024/texmf-dist/fonts/enc/dvips/cm-super/cm-super-ts1.enc} <./Imagenes/escudo.PNG>]
<Imagenes/1-Ejercicio_1_a.pdf, id=13, 398.48875pt x 341.275pt>
File: Imagenes/1-Ejercicio_1_a.pdf Graphic file (type pdf)
<use Imagenes/1-Ejercicio_1_a.pdf>
Package pdftex.def Info: Imagenes/1-Ejercicio_1_a.pdf  used on input line 77.
(pdftex.def)             Requested size: 398.48778pt x 341.27415pt.
File: Imagenes/escudo.PNG Graphic file (type png)
<use Imagenes/escudo.PNG>
Package pdftex.def Info: Imagenes/escudo.PNG  used on input line 97.
(pdftex.def)             Requested size: 194.82442pt x 33.72539pt.


Package fancyhdr Warning: \headheight is too small (30.0pt): 
(fancyhdr)                Make it at least 38.07542pt, for example:
(fancyhdr)                \setlength{\headheight}{38.07542pt}.
(fancyhdr)                You might also make \topmargin smaller to compensate:
(fancyhdr)                \addtolength{\topmargin}{-8.07542pt}.

[1 <./Imagenes/1-Ejercicio_1_a.pdf>]
<Imagenes/2-Ejercicio_1_b.pdf, id=27, 370.38374pt x 341.275pt>
File: Imagenes/2-Ejercicio_1_b.pdf Graphic file (type pdf)
<use Imagenes/2-Ejercicio_1_b.pdf>
Package pdftex.def Info: Imagenes/2-Ejercicio_1_b.pdf  used on input line 109.
(pdftex.def)             Requested size: 370.38283pt x 341.27415pt.

Overfull \hbox (24.10463pt too wide) in paragraph at lines 124--127
[]\OT1/cmr/m/n/12 La ma-triz $[][][][]$, que es la in-ver-sa de la ma-triz $[][][][]$ por co-rres-pon-der a la trans-for-ma-ci^^Son
 []


Overfull \hbox (2.70798pt too wide) in paragraph at lines 124--127
\OT1/cmr/m/n/12 in-ver-sa, se ob-tie-ne sim-ple-men-te trans-po-nien-do la ma-triz $[][][][]$. Es-to da-do que las ma-tri-ces
 []

File: Imagenes/escudo.PNG Graphic file (type png)
<use Imagenes/escudo.PNG>
Package pdftex.def Info: Imagenes/escudo.PNG  used on input line 135.
(pdftex.def)             Requested size: 194.82442pt x 33.72539pt.

Package fancyhdr Warning: \headheight is too small (30.0pt): 
(fancyhdr)                Make it at least 38.07542pt, for example:
(fancyhdr)                \setlength{\headheight}{38.07542pt}.
(fancyhdr)                You might also make \topmargin smaller to compensate:
(fancyhdr)                \addtolength{\topmargin}{-8.07542pt}.

[2 <./Imagenes/2-Ejercicio_1_b.pdf>]
<Imagenes/3-Ejercicio_1_c.pdf, id=38, 370.38374pt x 313.17pt>
File: Imagenes/3-Ejercicio_1_c.pdf Graphic file (type pdf)
<use Imagenes/3-Ejercicio_1_c.pdf>
Package pdftex.def Info: Imagenes/3-Ejercicio_1_c.pdf  used on input line 147.
(pdftex.def)             Requested size: 370.38283pt x 313.16922pt.
File: Imagenes/escudo.PNG Graphic file (type png)
<use Imagenes/escudo.PNG>
Package pdftex.def Info: Imagenes/escudo.PNG  used on input line 182.
(pdftex.def)             Requested size: 194.82442pt x 33.72539pt.


Package fancyhdr Warning: \headheight is too small (30.0pt): 
(fancyhdr)                Make it at least 38.07542pt, for example:
(fancyhdr)                \setlength{\headheight}{38.07542pt}.
(fancyhdr)                You might also make \topmargin smaller to compensate:
(fancyhdr)                \addtolength{\topmargin}{-8.07542pt}.

[3 <./Imagenes/3-Ejercicio_1_c.pdf>]
<Imagenes/4-Ejercicio_2_a.pdf, id=48, 455.7025pt x 455.7025pt>
File: Imagenes/4-Ejercicio_2_a.pdf Graphic file (type pdf)
<use Imagenes/4-Ejercicio_2_a.pdf>
Package pdftex.def Info: Imagenes/4-Ejercicio_2_a.pdf  used on input line 187.
(pdftex.def)             Requested size: 455.70137pt x 455.70137pt.
<Imagenes/5-Ejercicio_2_b.pdf, id=49, 370.38374pt x 341.275pt>
File: Imagenes/5-Ejercicio_2_b.pdf Graphic file (type pdf)
<use Imagenes/5-Ejercicio_2_b.pdf>
Package pdftex.def Info: Imagenes/5-Ejercicio_2_b.pdf  used on input line 211.
(pdftex.def)             Requested size: 370.38283pt x 341.27415pt.
File: Imagenes/escudo.PNG Graphic file (type png)
<use Imagenes/escudo.PNG>
Package pdftex.def Info: Imagenes/escudo.PNG  used on input line 215.
(pdftex.def)             Requested size: 194.82442pt x 33.72539pt.


Package fancyhdr Warning: \headheight is too small (30.0pt): 
(fancyhdr)                Make it at least 38.07542pt, for example:
(fancyhdr)                \setlength{\headheight}{38.07542pt}.
(fancyhdr)                You might also make \topmargin smaller to compensate:
(fancyhdr)                \addtolength{\topmargin}{-8.07542pt}.

[4 <./Imagenes/4-Ejercicio_2_a.pdf>]
<Imagenes/6-Ejercicio_2_c.pdf, id=59, 341.275pt x 455.7025pt>
File: Imagenes/6-Ejercicio_2_c.pdf Graphic file (type pdf)
<use Imagenes/6-Ejercicio_2_c.pdf>
Package pdftex.def Info: Imagenes/6-Ejercicio_2_c.pdf  used on input line 235.
(pdftex.def)             Requested size: 341.27415pt x 455.70137pt.
File: Imagenes/escudo.PNG Graphic file (type png)
<use Imagenes/escudo.PNG>
Package pdftex.def Info: Imagenes/escudo.PNG  used on input line 239.
(pdftex.def)             Requested size: 194.82442pt x 33.72539pt.


Package fancyhdr Warning: \headheight is too small (30.0pt): 
(fancyhdr)                Make it at least 38.07542pt, for example:
(fancyhdr)                \setlength{\headheight}{38.07542pt}.
(fancyhdr)                You might also make \topmargin smaller to compensate:
(fancyhdr)                \addtolength{\topmargin}{-8.07542pt}.

[5 <./Imagenes/5-Ejercicio_2_b.pdf>]
File: Imagenes/escudo.PNG Graphic file (type png)
<use Imagenes/escudo.PNG>
Package pdftex.def Info: Imagenes/escudo.PNG  used on input line 268.
(pdftex.def)             Requested size: 194.82442pt x 33.72539pt.


Package fancyhdr Warning: \headheight is too small (30.0pt): 
(fancyhdr)                Make it at least 38.07542pt, for example:
(fancyhdr)                \setlength{\headheight}{38.07542pt}.
(fancyhdr)                You might also make \topmargin smaller to compensate:
(fancyhdr)                \addtolength{\topmargin}{-8.07542pt}.

[6 <./Imagenes/6-Ejercicio_2_c.pdf>]
<Imagenes/7-Ejercicio_4.JPG, id=79, 342.5297pt x 186.6975pt>
File: Imagenes/7-Ejercicio_4.JPG Graphic file (type jpg)
<use Imagenes/7-Ejercicio_4.JPG>
Package pdftex.def Info: Imagenes/7-Ejercicio_4.JPG  used on input line 303.
(pdftex.def)             Requested size: 342.52885pt x 186.69704pt.
File: Imagenes/escudo.PNG Graphic file (type png)
<use Imagenes/escudo.PNG>
Package pdftex.def Info: Imagenes/escudo.PNG  used on input line 311.
(pdftex.def)             Requested size: 194.82442pt x 33.72539pt.


Package fancyhdr Warning: \headheight is too small (30.0pt): 
(fancyhdr)                Make it at least 38.07542pt, for example:
(fancyhdr)                \setlength{\headheight}{38.07542pt}.
(fancyhdr)                You might also make \topmargin smaller to compensate:
(fancyhdr)                \addtolength{\topmargin}{-8.07542pt}.

[7 <./Imagenes/7-Ejercicio_4.JPG>]
Overfull \hbox (22.32222pt too wide) in paragraph at lines 318--320
[]\OT1/cmr/m/n/12 Ese ^^Sangu-lo se de-ter-mi-na uti-li-zan-do la fun-ci^^Son $[]$ de MATLAB to-man-do las coor-de-na-das
 []

<Imagenes/8-Ejercicio_4_c.pdf, id=83, 370.38374pt x 341.275pt>
File: Imagenes/8-Ejercicio_4_c.pdf Graphic file (type pdf)
<use Imagenes/8-Ejercicio_4_c.pdf>
Package pdftex.def Info: Imagenes/8-Ejercicio_4_c.pdf  used on input line 358.
(pdftex.def)             Requested size: 370.38283pt x 341.27415pt.
File: Imagenes/escudo.PNG Graphic file (type png)
<use Imagenes/escudo.PNG>
Package pdftex.def Info: Imagenes/escudo.PNG  used on input line 362.
(pdftex.def)             Requested size: 194.82442pt x 33.72539pt.

Package fancyhdr Warning: \headheight is too small (30.0pt): 
(fancyhdr)                Make it at least 38.07542pt, for example:
(fancyhdr)                \setlength{\headheight}{38.07542pt}.
(fancyhdr)                You might also make \topmargin smaller to compensate:
(fancyhdr)                \addtolength{\topmargin}{-8.07542pt}.

[8]
Overfull \hbox (0.81227pt too wide) in paragraph at lines 364--367
[]\OT1/cmr/m/n/12 Escriba la ma-triz de trans-for-ma-ci^^Son ho-mog^^Senea que re-pre-sen-ta la po-si-ci^^Son y orien-ta-ci^^Son
 []

<Imagenes/9-Ejercicio_5.pdf, id=88, 355.3275pt x 341.275pt>
File: Imagenes/9-Ejercicio_5.pdf Graphic file (type pdf)
<use Imagenes/9-Ejercicio_5.pdf>
Package pdftex.def Info: Imagenes/9-Ejercicio_5.pdf  used on input line 387.
(pdftex.def)             Requested size: 355.32661pt x 341.27415pt.
File: Imagenes/escudo.PNG Graphic file (type png)
<use Imagenes/escudo.PNG>
Package pdftex.def Info: Imagenes/escudo.PNG  used on input line 391.
(pdftex.def)             Requested size: 194.82442pt x 33.72539pt.

Package fancyhdr Warning: \headheight is too small (30.0pt): 
(fancyhdr)                Make it at least 38.07542pt, for example:
(fancyhdr)                \setlength{\headheight}{38.07542pt}.
(fancyhdr)                You might also make \topmargin smaller to compensate:
(fancyhdr)                \addtolength{\topmargin}{-8.07542pt}.

[9 <./Imagenes/8-Ejercicio_4_c.pdf>]
LaTeX Font Info:    Trying to load font information for OMS+cmr on input line 412.
 (c:/texlive/2024/texmf-dist/tex/latex/base/omscmr.fd
File: omscmr.fd 2023/04/13 v2.5m Standard LaTeX font definitions
)
LaTeX Font Info:    Font shape `OMS/cmr/m/n' in size <12> not available
(Font)              Font shape `OMS/cmsy/m/n' tried instead on input line 412.
File: Imagenes/escudo.PNG Graphic file (type png)
<use Imagenes/escudo.PNG>
Package pdftex.def Info: Imagenes/escudo.PNG  used on input line 431.
(pdftex.def)             Requested size: 194.82442pt x 33.72539pt.


Package fancyhdr Warning: \headheight is too small (30.0pt): 
(fancyhdr)                Make it at least 38.07542pt, for example:
(fancyhdr)                \setlength{\headheight}{38.07542pt}.
(fancyhdr)                You might also make \topmargin smaller to compensate:
(fancyhdr)                \addtolength{\topmargin}{-8.07542pt}.

[10 <./Imagenes/9-Ejercicio_5.pdf>]
File: Imagenes/escudo.PNG Graphic file (type png)
<use Imagenes/escudo.PNG>
Package pdftex.def Info: Imagenes/escudo.PNG  used on input line 473.
(pdftex.def)             Requested size: 194.82442pt x 33.72539pt.


Package fancyhdr Warning: \headheight is too small (30.0pt): 
(fancyhdr)                Make it at least 38.07542pt, for example:
(fancyhdr)                \setlength{\headheight}{38.07542pt}.
(fancyhdr)                You might also make \topmargin smaller to compensate:
(fancyhdr)                \addtolength{\topmargin}{-8.07542pt}.

[11]
File: Imagenes/escudo.PNG Graphic file (type png)
<use Imagenes/escudo.PNG>
Package pdftex.def Info: Imagenes/escudo.PNG  used on input line 489.
(pdftex.def)             Requested size: 194.82442pt x 33.72539pt.


Package fancyhdr Warning: \headheight is too small (30.0pt): 
(fancyhdr)                Make it at least 38.07542pt, for example:
(fancyhdr)                \setlength{\headheight}{38.07542pt}.
(fancyhdr)                You might also make \topmargin smaller to compensate:
(fancyhdr)                \addtolength{\topmargin}{-8.07542pt}.

[12] 
enddocument/afterlastpage: lastpage setting LastPage.
(./main.aux
LaTeX Info: Redefining \. on input line 9.
LaTeX Info: Redefining \% on input line 9.
)
 ***********
LaTeX2e <2023-11-01> patch level 1
L3 programming layer <2024-04-11>
 ***********
 ) 
Here is how much of TeX's memory you used:
 8649 strings out of 474049
 152130 string characters out of 5746277
 1940754 words of memory out of 5000000
 30960 multiletter control sequences out of 15000+600000
 566140 words of font info for 65 fonts, out of 8000000 for 9000
 1141 hyphenation exceptions out of 8191
 70i,23n,65p,328b,516s stack positions out of 10000i,1000n,20000p,200000b,200000s
<c:/texlive/2024/texmf-dist/fonts/type1/public/amsfonts/cm/cmbx12.pfb><c:/texlive/2024/texmf-dist/fonts/type1/public/amsfonts/cm/cmbx8.pfb><c:/texlive/2024/texmf-dist/fonts/type1/public/amsfonts/cm/cmex10.pfb><c:/texlive/2024/texmf-dist/fonts/type1/public/amsfonts/cm/cmmi12.pfb><c:/texlive/2024/texmf-dist/fonts/type1/public/amsfonts/cm/cmmi8.pfb><c:/texlive/2024/texmf-dist/fonts/type1/public/amsfonts/cm/cmr12.pfb><c:/texlive/2024/texmf-dist/fonts/type1/public/amsfonts/cm/cmr17.pfb><c:/texlive/2024/texmf-dist/fonts/type1/public/amsfonts/cm/cmr8.pfb><c:/texlive/2024/texmf-dist/fonts/type1/public/amsfonts/cm/cmsy10.pfb><c:/texlive/2024/texmf-dist/fonts/type1/public/amsfonts/cm/cmsy8.pfb><c:/texlive/2024/texmf-dist/fonts/type1/public/cm-super/sfbx1200.pfb><c:/texlive/2024/texmf-dist/fonts/type1/public/cm-super/sfbx2488.pfb>
Output written on main.pdf (13 pages, 402134 bytes).
PDF statistics:
 169 PDF objects out of 1000 (max. 8388607)
 101 compressed objects within 2 object streams
 0 named destinations out of 1000 (max. 500000)
 51 words of extra memory for PDF output out of 10000 (max. 10000000)

